# JRE version: Java(TM) SE Runtime Environment (7.0_71-b14) (build 1.7.0_71-b14)
# Java VM: Java HotSpot(TM) 64-Bit Server VM (24.71-b01 mixed mode bsd-amd64 compressed oops)
Heap
 PSYoungGen      total 416256K, used 226816K [0x00000007d5500000, 0x00000007f1e00000, 0x0000000800000000)
  eden space 403456K, 53% used [0x00000007d5500000,0x00000007e26427b8,0x00000007edf00000)
  from space 12800K, 97% used [0x00000007ef200000,0x00000007efe3db28,0x00000007efe80000)
  to   space 32256K, 0% used [0x00000007efe80000,0x00000007efe80000,0x00000007f1e00000)
 ParOldGen       total 87040K, used 49847K [0x0000000780000000, 0x0000000785500000, 0x00000007d5500000)
  object space 87040K, 57% used [0x0000000780000000,0x00000007830adda0,0x0000000785500000)
 PSPermGen       total 83968K, used 62898K [0x000000077ae00000, 0x0000000780000000, 0x0000000780000000)
  object space 83968K, 74% used [0x000000077ae00000,0x000000077eb6c900,0x0000000780000000)
GC Heap History (10 events):
Event: 14.748 GC heap before
{Heap before GC invocations=8 (full 0):
 PSYoungGen      total 148992K, used 148975K [0x00000007d5500000, 0x00000007e8200000, 0x0000000800000000)
  eden space 135168K, 100% used [0x00000007d5500000,0x00000007dd900000,0x00000007dd900000)
  from space 13824K, 99% used [0x00000007dd900000,0x00000007de67bfd0,0x00000007de680000)
  to   space 18944K, 0% used [0x00000007e6f80000,0x00000007e6f80000,0x00000007e8200000)
 ParOldGen       total 87040K, used 22168K [0x0000000780000000, 0x0000000785500000, 0x00000007d5500000)
  object space 87040K, 25% used [0x0000000780000000,0x00000007815a62b8,0x0000000785500000)
 PSPermGen       total 43520K, used 43027K [0x000000077ae00000, 0x000000077d880000, 0x0000000780000000)
  object space 43520K, 98% used [0x000000077ae00000,0x000000077d804e10,0x000000077d880000)
Event: 14.783 GC heap after
Heap after GC invocations=8 (full 0):
 PSYoungGen      total 283136K, used 18915K [0x00000007d5500000, 0x00000007e8e00000, 0x0000000800000000)
  eden space 264192K, 0% used [0x00000007d5500000,0x00000007d5500000,0x00000007e5700000)
  from space 18944K, 99% used [0x00000007e6f80000,0x00000007e81f8cc8,0x00000007e8200000)
  to   space 25088K, 0% used [0x00000007e5700000,0x00000007e5700000,0x00000007e6f80000)
 ParOldGen       total 87040K, used 29430K [0x0000000780000000, 0x0000000785500000, 0x00000007d5500000)
  object space 87040K, 33% used [0x0000000780000000,0x0000000781cbd870,0x0000000785500000)
 PSPermGen       total 43520K, used 43027K [0x000000077ae00000, 0x000000077d880000, 0x0000000780000000)
  object space 43520K, 98% used [0x000000077ae00000,0x000000077d804e10,0x000000077d880000)
}
Event: 21.024 GC heap before
{Heap before GC invocations=9 (full 0):
 PSYoungGen      total 283136K, used 283107K [0x00000007d5500000, 0x00000007e8e00000, 0x0000000800000000)
  eden space 264192K, 100% used [0x00000007d5500000,0x00000007e5700000,0x00000007e5700000)
  from space 18944K, 99% used [0x00000007e6f80000,0x00000007e81f8cc8,0x00000007e8200000)
  to   space 25088K, 0% used [0x00000007e5700000,0x00000007e5700000,0x00000007e6f80000)
 ParOldGen       total 87040K, used 29430K [0x0000000780000000, 0x0000000785500000, 0x00000007d5500000)
  object space 87040K, 33% used [0x0000000780000000,0x0000000781cbd870,0x0000000785500000)
 PSPermGen       total 53248K, used 53204K [0x000000077ae00000, 0x000000077e200000, 0x0000000780000000)
  object space 53248K, 99% used [0x000000077ae00000,0x000000077e1f52d0,0x000000077e200000)
Event: 21.082 GC heap after
Heap after GC invocations=9 (full 0):
 PSYoungGen      total 289280K, used 25060K [0x00000007d5500000, 0x00000007f3800000, 0x0000000800000000)
  eden space 264192K, 0% used [0x00000007d5500000,0x00000007d5500000,0x00000007e5700000)
  from space 25088K, 99% used [0x00000007e5700000,0x00000007e6f793e0,0x00000007e6f80000)
  to   space 35840K, 0% used [0x00000007f1500000,0x00000007f1500000,0x00000007f3800000)
 ParOldGen       total 87040K, used 45663K [0x0000000780000000, 0x0000000785500000, 0x00000007d5500000)
  object space 87040K, 52% used [0x0000000780000000,0x0000000782c97e18,0x0000000785500000)
 PSPermGen       total 53248K, used 53204K [0x000000077ae00000, 0x000000077e200000, 0x0000000780000000)
  object space 53248K, 99% used [0x000000077ae00000,0x000000077e1f52d0,0x000000077e200000)
}
Event: 25.479 GC heap before
{Heap before GC invocations=10 (full 0):
 PSYoungGen      total 289280K, used 144294K [0x00000007d5500000, 0x00000007f3800000, 0x0000000800000000)
  eden space 264192K, 45% used [0x00000007d5500000,0x00000007dc9705d0,0x00000007e5700000)
  from space 25088K, 99% used [0x00000007e5700000,0x00000007e6f793e0,0x00000007e6f80000)
  to   space 35840K, 0% used [0x00000007f1500000,0x00000007f1500000,0x00000007f3800000)
 ParOldGen       total 87040K, used 45663K [0x0000000780000000, 0x0000000785500000, 0x00000007d5500000)
  object space 87040K, 52% used [0x0000000780000000,0x0000000782c97e18,0x0000000785500000)
 PSPermGen       total 55808K, used 55736K [0x000000077ae00000, 0x000000077e480000, 0x0000000780000000)
  object space 55808K, 99% used [0x000000077ae00000,0x000000077e46e350,0x000000077e480000)
Event: 25.520 GC heap after
Heap after GC invocations=10 (full 0):
 PSYoungGen      total 454656K, used 13932K [0x00000007d5500000, 0x00000007f3400000, 0x0000000800000000)
  eden space 422912K, 0% used [0x00000007d5500000,0x00000007d5500000,0x00000007ef200000)
  from space 31744K, 43% used [0x00000007f1500000,0x00000007f229b0d0,0x00000007f3400000)
  to   space 33792K, 0% used [0x00000007ef200000,0x00000007ef200000,0x00000007f1300000)
 ParOldGen       total 87040K, used 60866K [0x0000000780000000, 0x0000000785500000, 0x00000007d5500000)
  object space 87040K, 69% used [0x0000000780000000,0x0000000783b70a18,0x0000000785500000)
 PSPermGen       total 55808K, used 55736K [0x000000077ae00000, 0x000000077e480000, 0x0000000780000000)
  object space 55808K, 99% used [0x000000077ae00000,0x000000077e46e350,0x000000077e480000)
}
Event: 25.520 GC heap before
{Heap before GC invocations=11 (full 1):
 PSYoungGen      total 454656K, used 13932K [0x00000007d5500000, 0x00000007f3400000, 0x0000000800000000)
  eden space 422912K, 0% used [0x00000007d5500000,0x00000007d5500000,0x00000007ef200000)
  from space 31744K, 43% used [0x00000007f1500000,0x00000007f229b0d0,0x00000007f3400000)
  to   space 33792K, 0% used [0x00000007ef200000,0x00000007ef200000,0x00000007f1300000)
 ParOldGen       total 87040K, used 60866K [0x0000000780000000, 0x0000000785500000, 0x00000007d5500000)
  object space 87040K, 69% used [0x0000000780000000,0x0000000783b70a18,0x0000000785500000)
 PSPermGen       total 55808K, used 55736K [0x000000077ae00000, 0x000000077e480000, 0x0000000780000000)
  object space 55808K, 99% used [0x000000077ae00000,0x000000077e46e350,0x000000077e480000)
Event: 25.911 GC heap after
Heap after GC invocations=11 (full 1):
 PSYoungGen      total 454656K, used 0K [0x00000007d5500000, 0x00000007f3400000, 0x0000000800000000)
  eden space 422912K, 0% used [0x00000007d5500000,0x00000007d5500000,0x00000007ef200000)
  from space 31744K, 0% used [0x00000007f1500000,0x00000007f1500000,0x00000007f3400000)
  to   space 33792K, 0% used [0x00000007ef200000,0x00000007ef200000,0x00000007f1300000)
 ParOldGen       total 87040K, used 49839K [0x0000000780000000, 0x0000000785500000, 0x00000007d5500000)
  object space 87040K, 57% used [0x0000000780000000,0x00000007830abda0,0x0000000785500000)
 PSPermGen       total 83968K, used 54652K [0x000000077ae00000, 0x0000000780000000, 0x0000000780000000)
  object space 83968K, 65% used [0x000000077ae00000,0x000000077e35f3f0,0x0000000780000000)
}
Event: 1214.968 GC heap before
{Heap before GC invocations=12 (full 1):
 PSYoungGen      total 454656K, used 422912K [0x00000007d5500000, 0x00000007f3400000, 0x0000000800000000)
  eden space 422912K, 100% used [0x00000007d5500000,0x00000007ef200000,0x00000007ef200000)
  from space 31744K, 0% used [0x00000007f1500000,0x00000007f1500000,0x00000007f3400000)
  to   space 33792K, 0% used [0x00000007ef200000,0x00000007ef200000,0x00000007f1300000)
 ParOldGen       total 87040K, used 49839K [0x0000000780000000, 0x0000000785500000, 0x00000007d5500000)
  object space 87040K, 57% used [0x0000000780000000,0x00000007830abda0,0x0000000785500000)
 PSPermGen       total 83968K, used 62092K [0x000000077ae00000, 0x0000000780000000, 0x0000000780000000)
  object space 83968K, 73% used [0x000000077ae00000,0x000000077eaa30b8,0x0000000780000000)
Event: 1215.013 GC heap after
Heap after GC invocations=12 (full 1):
 PSYoungGen      total 416256K, used 12534K [0x00000007d5500000, 0x00000007f1e00000, 0x0000000800000000)
  eden space 403456K, 0% used [0x00000007d5500000,0x00000007d5500000,0x00000007edf00000)
  from space 12800K, 97% used [0x00000007ef200000,0x00000007efe3db28,0x00000007efe80000)
  to   space 32256K, 0% used [0x00000007efe80000,0x00000007efe80000,0x00000007f1e00000)
 ParOldGen       total 87040K, used 49847K [0x0000000780000000, 0x0000000785500000, 0x00000007d5500000)
  object space 87040K, 57% used [0x0000000780000000,0x00000007830adda0,0x0000000785500000)
 PSPermGen       total 83968K, used 62092K [0x000000077ae00000, 0x0000000780000000, 0x0000000780000000)
  object space 83968K, 73% used [0x000000077ae00000,0x000000077eaa30b8,0x0000000780000000)
}

